0 info it worked if it ends with ok
1 verbose cli [ 'C:\\Program Files\\nodejs\\node.exe',
1 verbose cli   'C:\\Program Files\\nodejs\\node_modules\\npm\\bin\\npm-cli.js',
1 verbose cli   'start' ]
2 info using npm@4.1.2
3 info using node@v7.7.3
4 verbose run-script [ 'prestart', 'start', 'poststart' ]
5 info lifecycle web@0.0.0~prestart: web@0.0.0
6 silly lifecycle web@0.0.0~prestart: no script for prestart, continuing
7 info lifecycle web@0.0.0~start: web@0.0.0
8 verbose lifecycle web@0.0.0~start: unsafe-perm in lifecycle true
9 verbose lifecycle web@0.0.0~start: PATH: C:\Program Files\nodejs\node_modules\npm\bin\node-gyp-bin;D:\web\react-starter-kit\react-starter-kit-feature-react-intl\node_modules\.bin;C:\WINDOWS\system32;C:\WINDOWS;C:\WINDOWS\System32\Wbem;C:\WINDOWS\System32\WindowsPowerShell\v1.0\;C:\Users\broob\curl-7.50.3-win64-mingw\bin;C:\Program Files\Git\cmd;C:\Program Files\Git\mingw64\bin;C:\Program Files\Git\usr\bin;C:\Program Files\MATLAB\R2009b\runtime\win64;C:\Program Files\MATLAB\R2009b\bin;C:\Program Files (x86)\Brackets\command;C:\Program Files\wget;C:\Program Files (x86)\Skype\Phone\;C:\Program Files\nodejs\;C:\Users\broob\AppData\Local\Microsoft\WindowsApps;C:\Users\broob\AppData\Roaming\npm
10 verbose lifecycle web@0.0.0~start: CWD: D:\web\react-starter-kit\react-starter-kit-feature-react-intl
11 silly lifecycle web@0.0.0~start: Args: [ '/d /s /c', 'babel-node tools/run start' ]
12 silly lifecycle web@0.0.0~start: Returned: code: 3221225786  signal: null
13 info lifecycle web@0.0.0~start: Failed to exec start script
14 verbose stack Error: web@0.0.0 start: `babel-node tools/run start`
14 verbose stack Exit status 3221225786
14 verbose stack     at EventEmitter.<anonymous> (C:\Program Files\nodejs\node_modules\npm\lib\utils\lifecycle.js:279:16)
14 verbose stack     at emitTwo (events.js:106:13)
14 verbose stack     at EventEmitter.emit (events.js:194:7)
14 verbose stack     at ChildProcess.<anonymous> (C:\Program Files\nodejs\node_modules\npm\lib\utils\spawn.js:40:14)
14 verbose stack     at emitTwo (events.js:106:13)
14 verbose stack     at ChildProcess.emit (events.js:194:7)
14 verbose stack     at maybeClose (internal/child_process.js:899:16)
14 verbose stack     at Process.ChildProcess._handle.onexit (internal/child_process.js:226:5)
15 verbose pkgid web@0.0.0
16 verbose cwd D:\web\react-starter-kit\react-starter-kit-feature-react-intl
17 error Windows_NT 10.0.14393
18 error argv "C:\\Program Files\\nodejs\\node.exe" "C:\\Program Files\\nodejs\\node_modules\\npm\\bin\\npm-cli.js" "start"
19 error node v7.7.3
20 error npm  v4.1.2
21 error code ELIFECYCLE
22 error web@0.0.0 start: `babel-node tools/run start`
22 error Exit status 3221225786
23 error Failed at the web@0.0.0 start script 'babel-node tools/run start'.
23 error Make sure you have the latest version of node.js and npm installed.
23 error If you do, this is most likely a problem with the web package,
23 error not with npm itself.
23 error Tell the author that this fails on your system:
23 error     babel-node tools/run start
23 error You can get information on how to open an issue for this project with:
23 error     npm bugs web
23 error Or if that isn't available, you can get their info via:
23 error     npm owner ls web
23 error There is likely additional logging output above.
24 verbose exit [ 1, true ]
